<?xml version="1.0" encoding="UTF-8"?>
<!-- Generated by org.testng.reporters.JUnitReportReporter -->
<testsuite hostname="Yuvi_Shinde" failures="0" tests="2" name="TestNG.TestNG_Annotations" time="0.057" errors="0" timestamp="2022-07-26T00:15:57 PDT" skipped="0">
  <testcase classname="TestNG.TestNG_Annotations" name="Password" time="0.041"/>
  <system-out/>
  <testcase classname="TestNG.TestNG_Annotations" name="Username" time="0.016"/>
  <system-out/>
</testsuite> <!-- TestNG.TestNG_Annotations -->
