<?xml version="1.0" encoding="UTF-8"?>
<!-- Generated by org.testng.reporters.JUnitReportReporter -->
<testsuite hostname="Yuvi_Shinde" failures="0" tests="1" name="TestNG.TestNG_Test_Class" time="0.063" errors="0" timestamp="2022-07-25T23:51:07 PDT" skipped="0">
  <testcase classname="TestNG.TestNG_Test_Class" name="test" time="0.063"/>
  <system-out>
    <![CDATA[Quantum Acadamy]]>
  </system-out>
</testsuite> <!-- TestNG.TestNG_Test_Class -->
