<?xml version="1.0" encoding="UTF-8"?>
<!-- Generated by org.testng.reporters.JUnitReportReporter -->
<testsuite hostname="Yuvi_Shinde" failures="0" tests="1" name="TestNG.Parallel2" time="42.252" errors="0" timestamp="2022-07-28T22:46:01 PDT" skipped="0">
  <testcase classname="TestNG.Parallel2" name="TC2" time="42.252"/>
  <system-out/>
</testsuite> <!-- TestNG.Parallel2 -->
