<?xml version="1.0" encoding="UTF-8"?>
<!-- Generated by org.testng.reporters.JUnitReportReporter -->
<testsuite hostname="Yuvi_Shinde" failures="0" tests="3" name="TestNG.Example2" time="0.045" errors="0" timestamp="2022-07-28T21:26:39 PDT" skipped="0">
  <testcase classname="TestNG.Example2" name="TC4" time="0.012"/>
  <system-out/>
  <testcase classname="TestNG.Example2" name="TC5" time="0.010"/>
  <system-out/>
  <testcase classname="TestNG.Example2" name="TC6" time="0.023"/>
  <system-out/>
</testsuite> <!-- TestNG.Example2 -->
