<?xml version="1.0" encoding="UTF-8"?>
<!-- Generated by org.testng.reporters.JUnitReportReporter -->
<testsuite hostname="Yuvi_Shinde" failures="0" tests="3" name="TestNG.Example1" time="0.089" errors="0" timestamp="2022-07-28T21:26:39 PDT" skipped="0">
  <testcase classname="TestNG.Example1" name="TC3" time="0.020"/>
  <system-out/>
  <testcase classname="TestNG.Example1" name="TC1" time="0.060"/>
  <system-out/>
  <testcase classname="TestNG.Example1" name="TC2" time="0.009"/>
  <system-out/>
</testsuite> <!-- TestNG.Example1 -->
