<?xml version="1.0" encoding="UTF-8"?>
<!-- Generated by org.testng.reporters.JUnitReportReporter -->
<testsuite hostname="Yuvi_Shinde" failures="0" tests="9" name="TestNG.TestNg_Group" time="0.156" errors="0" timestamp="2022-07-28T22:17:12 PDT" skipped="0">
  <testcase classname="TestNG.TestNg_Group" name="TC9" time="0.009"/>
  <system-out/>
  <testcase classname="TestNG.TestNg_Group" name="TC4" time="0.006"/>
  <system-out/>
  <testcase classname="TestNG.TestNg_Group" name="TC7" time="0.031"/>
  <system-out/>
  <testcase classname="TestNG.TestNg_Group" name="TC8" time="0.007"/>
  <system-out/>
  <testcase classname="TestNG.TestNg_Group" name="TC5" time="0.016"/>
  <system-out/>
  <testcase classname="TestNG.TestNg_Group" name="TC1" time="0.055"/>
  <system-out/>
  <testcase classname="TestNG.TestNg_Group" name="TC3" time="0.009"/>
  <system-out/>
  <testcase classname="TestNG.TestNg_Group" name="TC2" time="0.015"/>
  <system-out/>
  <testcase classname="TestNG.TestNg_Group" name="TC6" time="0.008"/>
  <system-out/>
</testsuite> <!-- TestNG.TestNg_Group -->
