<?xml version="1.0" encoding="UTF-8"?>
<!-- Generated by org.testng.reporters.JUnitReportReporter -->
<testsuite hostname="Yuvi_Shinde" failures="0" tests="5" name="TestNG.TestNG_Keyword" time="0.134" errors="0" timestamp="2022-07-26T00:26:09 PDT" skipped="0">
  <testcase classname="TestNG.TestNG_Keyword" name="TC4" time="0.077"/>
  <system-out>
    <![CDATA[Running TC4]]>
  </system-out>
  <testcase classname="TestNG.TestNG_Keyword" name="TC1" time="0.024"/>
  <system-out>
    <![CDATA[Running TC1]]>
  </system-out>
  <testcase classname="TestNG.TestNG_Keyword" name="TC1" time="0.009"/>
  <system-out>
    <![CDATA[Running TC1]]>
  </system-out>
  <testcase classname="TestNG.TestNG_Keyword" name="TC2" time="0.014"/>
  <system-out>
    <![CDATA[Running TC2]]>
  </system-out>
  <testcase classname="TestNG.TestNG_Keyword" name="TC3" time="0.010"/>
  <system-out>
    <![CDATA[Running TC3]]>
  </system-out>
</testsuite> <!-- TestNG.TestNG_Keyword -->
