<?xml version="1.0" encoding="UTF-8"?>
<!-- Generated by org.testng.reporters.JUnitReportReporter -->
<testsuite hostname="Yuvi_Shinde" failures="0" tests="1" name="TestNG.Parallel1" time="21.043" errors="0" timestamp="2022-07-28T22:52:37 PDT" skipped="0">
  <testcase classname="TestNG.Parallel1" name="TC1" time="21.043"/>
  <system-out/>
</testsuite> <!-- TestNG.Parallel1 -->
