<?xml version="1.0" encoding="UTF-8"?>
<!-- Generated by org.testng.reporters.JUnitReportReporter -->
<testsuite hostname="Yuvi_Shinde" failures="0" tests="3" name="TestNG.DataProviderAnnotation" time="0.088" errors="0" timestamp="2022-08-01T19:57:20 PDT" skipped="0">
  <testcase classname="TestNG.DataProviderAnnotation" name="display" time="0.020"/>
  <system-out/>
  <testcase classname="TestNG.DataProviderAnnotation" name="display" time="0.021"/>
  <system-out/>
  <testcase classname="TestNG.DataProviderAnnotation" name="display" time="0.047"/>
  <system-out/>
</testsuite> <!-- TestNG.DataProviderAnnotation -->
