<?xml version="1.0" encoding="UTF-8"?>
<!-- Generated by org.testng.reporters.JUnitReportReporter -->
<testsuite hostname="Yuvi_Shinde" failures="0" tests="3" name="TestNG.Example3" time="0.027" errors="0" timestamp="2022-07-28T21:26:39 PDT" skipped="0">
  <testcase classname="TestNG.Example3" name="TC9" time="0.009"/>
  <system-out/>
  <testcase classname="TestNG.Example3" name="TC7" time="0.010"/>
  <system-out/>
  <testcase classname="TestNG.Example3" name="TC8" time="0.008"/>
  <system-out/>
</testsuite> <!-- TestNG.Example3 -->
